Exercise 8.1
------------
(a) Array with float from 0.0 to 1.0: [0.  0.1 0.2 0.3 0.4 0.5 0.6 0.7 0.8 0.9 1. ]
Shape = (11,)

(b) Array with int zeros:
 [[0 0 0 0 0 0]
 [0 0 0 0 0 0]
 [0 0 0 0 0 0]
 [0 0 0 0 0 0]
 [0 0 0 0 0 0]]
Shape = (5, 6)

Exercise 8.2
------------
(a) v1 = [ 1  3 -2  2  8 -4  0]
(b) v2 = [ 3  2 -4]
(c) v3 = [ 0 -4  8  2 -2  3  1]
Exercise 8.3
------------
(a) m1 = 
[[5 6 3 3 4]
 [8 0 3 1 8]
 [8 4 6 0 9]
 [3 7 8 6 5]]

(b) m2 = 
[[4 3 3 6 5]
 [8 1 3 0 8]
 [9 0 6 4 8]
 [5 6 8 7 3]]

(c) m3 = 
[[3 7 8 6 5]
 [8 4 6 0 9]
 [8 0 3 1 8]
 [5 6 3 3 4]]

(d) New matrix after cutoff = 
[[0 3 1]
 [4 6 0]]

